INFO 2026-03-01 16:11:35,062 email_utils 83961 6159904768 Verification email sent to amgainaditya@gmail.com
INFO 2026-03-01 16:11:35,062 email_utils 83961 6159904768 SMS verification code 128469 sent to 9878763343
INFO 2026-03-01 16:19:17,434 email_utils 84102 6192918528 Verification email sent to amgainaditya@gmail.com
INFO 2026-03-01 16:19:17,434 email_utils 84102 6192918528 SMS verification code 730904 sent to 9840253324
INFO 2026-03-01 16:21:39,489 email_utils 84189 6202814464 Verification email sent to amgainaditya@gmail.com
INFO 2026-03-01 16:21:39,489 email_utils 84189 6202814464 SMS verification code 181138 sent to 9840253324
INFO 2026-03-01 16:23:55,453 email_utils 84271 6169751552 Verification email sent to amgainaditya@gmail.com
INFO 2026-03-01 16:23:55,454 email_utils 84271 6169751552 SMS verification code 371591 sent to 9840253324
INFO 2026-03-01 16:24:35,834 email_utils 84289 6135279616 Verification email sent to amgainaditya@gmail.com
INFO 2026-03-01 16:24:35,835 email_utils 84289 6135279616 SMS verification code 931307 sent to 9878763343
INFO 2026-03-01 16:26:50,910 email_utils 84372 6169325568 Verification email sent to amgainaditya@gmail.com
INFO 2026-03-01 16:26:50,915 email_utils 84372 6169325568 SMS verification code 693046 sent to 9840253324
INFO 2026-03-01 16:28:35,793 email_utils 84372 6169325568 Order confirmation email sent to amgainaditya@gmail.com
INFO 2026-03-01 16:28:40,511 email_utils 84372 6169325568 Admin notification sent to amgainaditya@gmail.com
INFO 2026-03-01 16:36:06,706 email_utils 84467 6230814720 Verification email sent to amgainaditya@gmail.com
INFO 2026-03-01 16:36:06,710 email_utils 84467 6230814720 SMS verification code 020646 sent to 9840253324
INFO 2026-03-01 16:46:20,774 email_utils 85001 6126137344 Verification email sent to amgainaditya@gmail.com
INFO 2026-03-01 16:46:20,779 email_utils 85001 6126137344 SMS verification code 865110 sent to 9840253324
INFO 2026-03-01 16:49:33,745 email_utils 85088 6193721344 Verification email sent to amgainaditya@gmail.com
INFO 2026-03-01 16:49:33,750 email_utils 85088 6193721344 SMS verification code 346868 sent to 9840253324
INFO 2026-03-01 16:50:29,391 email_utils 85116 6202667008 Verification email sent to amgainaditya@gmail.com
INFO 2026-03-01 16:50:29,395 email_utils 85116 6202667008 SMS verification code 795687 sent to 9840253324
INFO 2026-03-01 16:51:22,487 email_utils 85129 6171029504 Verification email sent to amgainaditya@gmail.com
INFO 2026-03-01 16:51:22,492 email_utils 85129 6171029504 SMS verification code 105403 sent to 9840253324
INFO 2026-03-01 16:52:29,123 email_utils 85129 6171029504 Order confirmation email sent to amgainaditya@gmail.com
INFO 2026-03-01 16:52:35,094 email_utils 85129 6171029504 Admin notification sent to amgainaditya@gmail.com
INFO 2026-03-01 16:58:56,619 email_utils 85333 6226112512 Verification email sent to amgainaditya@gmail.com
INFO 2026-03-01 16:58:56,621 email_utils 85333 6226112512 SMS verification code 041128 sent to 9840253324
INFO 2026-03-01 16:59:38,770 email_utils 85333 6226112512 Order confirmation email sent to amgainaditya@gmail.com
INFO 2026-03-01 16:59:42,818 email_utils 85333 6226112512 Admin notification sent to amgainaditya@gmail.com
INFO 2026-03-01 17:08:08,979 email_utils 85757 6191640576 Verification email sent to amgainaditya@gmail.com
INFO 2026-03-01 17:08:08,986 email_utils 85757 6191640576 SMS verification code 720175 sent to 9878763343
INFO 2026-03-01 17:11:02,430 email_utils 85816 6134132736 Verification email sent to amgainaditya@gmail.com
INFO 2026-03-01 17:11:02,435 email_utils 85816 6134132736 SMS verification code 255370 sent to 9840253324
INFO 2026-03-01 17:12:03,079 email_utils 85816 6134132736 Order confirmation email sent to amgainaditya@gmail.com
INFO 2026-03-01 17:12:07,566 email_utils 85816 6134132736 Admin notification sent to amgainaditya@gmail.com
INFO 2026-03-01 17:20:03,335 email_utils 86081 6229929984 Verification email sent to amgainaditya@gmail.com
INFO 2026-03-01 17:20:03,339 email_utils 86081 6229929984 SMS verification code 585079 sent to 9834344434
INFO 2026-03-01 17:21:31,017 email_utils 86081 6229929984 Order confirmation email sent to amgainaditya@gmail.com
INFO 2026-03-01 17:21:39,296 email_utils 86081 6229929984 Admin notification sent to amgainaditya@gmail.com
INFO 2026-03-01 17:24:30,425 email_utils 86160 6192869376 Verification email sent to amgainaditya@gmail.com
INFO 2026-03-01 17:24:30,428 email_utils 86160 6192869376 SMS verification code 850397 sent to 4534344454
INFO 2026-03-01 17:26:08,852 email_utils 86160 6192869376 Order confirmation email sent to amgainaditya@gmail.com
INFO 2026-03-01 17:26:13,520 email_utils 86160 6192869376 Admin notification sent to amgainaditya@gmail.com
INFO 2026-03-01 17:34:38,409 email_utils 86568 6199455744 Verification email sent to amgainaditya@gmail.com
INFO 2026-03-01 17:34:38,412 email_utils 86568 6199455744 SMS verification code 308484 sent to 9840253324
INFO 2026-03-01 17:35:20,402 email_utils 86568 6199455744 Order confirmation email sent to amgainaditya@gmail.com
INFO 2026-03-01 17:35:25,033 email_utils 86568 6199455744 Admin notification sent to amgainaditya@gmail.com
INFO 2026-03-01 17:37:45,759 email_utils 86650 6235516928 Verification email sent to amgainaditya@gmail.com
INFO 2026-03-01 17:37:45,763 email_utils 86650 6235516928 SMS verification code 167181 sent to 9878763343
INFO 2026-03-01 17:38:36,018 email_utils 86650 6235516928 Order confirmation email sent to amgainaditya@gmail.com
INFO 2026-03-01 17:38:40,615 email_utils 86650 6235516928 Admin notification sent to amgainaditya@gmail.com
INFO 2026-03-01 17:47:51,904 email_utils 86869 6203650048 Verification email sent to amgainaditya@gmail.com
INFO 2026-03-01 17:47:51,909 email_utils 86869 6203650048 SMS verification code 076604 sent to 9840253324
INFO 2026-03-01 17:48:33,733 email_utils 86869 6203650048 Order confirmation email sent to amgainaditya@gmail.com
INFO 2026-03-01 17:48:38,275 email_utils 86869 6203650048 Admin notification sent to amgainaditya@gmail.com
INFO 2026-03-01 17:51:33,573 email_utils 87110 6167982080 Verification email sent to amgainaditya@gmail.com
INFO 2026-03-01 17:51:33,576 email_utils 87110 6167982080 SMS verification code 015643 sent to 9840253324
INFO 2026-03-01 17:52:12,780 email_utils 87110 6167982080 Order confirmation email sent to amgainaditya@gmail.com
INFO 2026-03-01 17:52:16,916 email_utils 87110 6167982080 Admin notification sent to amgainaditya@gmail.com
INFO 2026-03-01 17:54:06,016 email_utils 87239 6200406016 Verification email sent to amgainaditya@gmail.com
INFO 2026-03-01 17:54:06,021 email_utils 87239 6200406016 SMS verification code 776804 sent to 9840253324
INFO 2026-03-01 17:54:42,495 email_utils 87239 6200406016 Order confirmation email sent to amgainaditya@gmail.com
INFO 2026-03-01 17:54:47,636 email_utils 87239 6200406016 Admin notification sent to amgainaditya@gmail.com
ERROR 2026-03-16 05:52:14,598 email_utils 58466 6234451968 Failed to send verification email to amgainaditya@gmail.com: (535, b'5.7.8 Username and Password not accepted. For more information, go to\n5.7.8  https://support.google.com/mail/?p=BadCredentials d2e1a72fcca58-82a07268aebsm12832179b3a.23 - gsmtp')
ERROR 2026-03-16 05:52:14,599 views 58466 6234451968 Verification error: (535, b'5.7.8 Username and Password not accepted. For more information, go to\n5.7.8  https://support.google.com/mail/?p=BadCredentials d2e1a72fcca58-82a07268aebsm12832179b3a.23 - gsmtp')
ERROR 2026-03-16 05:52:22,934 email_utils 58466 6234451968 Failed to send verification email to amgainaditya@gmail.com: (535, b'5.7.8 Username and Password not accepted. For more information, go to\n5.7.8  https://support.google.com/mail/?p=BadCredentials d9443c01a7336-2aece56cde9sm110657305ad.15 - gsmtp')
ERROR 2026-03-16 05:52:22,934 views 58466 6234451968 Verification error: (535, b'5.7.8 Username and Password not accepted. For more information, go to\n5.7.8  https://support.google.com/mail/?p=BadCredentials d9443c01a7336-2aece56cde9sm110657305ad.15 - gsmtp')
ERROR 2026-03-16 05:54:25,513 email_utils 58740 6194540544 Failed to send verification email to amgainaditya@gmail.com: (535, b'5.7.8 Username and Password not accepted. For more information, go to\n5.7.8  https://support.google.com/mail/?p=BadCredentials d2e1a72fcca58-82a07389ca9sm11386098b3a.59 - gsmtp')
ERROR 2026-03-16 05:54:25,515 views 58740 6194540544 Verification error: (535, b'5.7.8 Username and Password not accepted. For more information, go to\n5.7.8  https://support.google.com/mail/?p=BadCredentials d2e1a72fcca58-82a07389ca9sm11386098b3a.59 - gsmtp')
INFO 2026-03-16 05:55:42,563 email_utils 58930 6165999616 Verification email sent to amgainaditya@gmail.com
INFO 2026-03-16 05:55:42,567 email_utils 58930 6165999616 SMS verification code 451121 sent to 9876873343
